# JRE version: Java(TM) SE Runtime Environment (21.0.3+7) (build 21.0.3+7-LTS-152)
# Java VM: Java HotSpot(TM) 64-Bit Server VM (21.0.3+7-LTS-152, mixed mode, sharing, tiered, compressed oops, compressed class ptrs, g1 gc, linux-amd64)
GC Precious Log:
 CardTable entry size: 512
 Card Set container configuration: InlinePtr #cards 5 size 8 Array Of Cards #cards 12 size 40 Howl #buckets 4 coarsen threshold 1843 Howl Bitmap #cards 512 size 80 coarsen threshold 460 Card regions per heap region 1 cards per card region 2048
 CPUs: 4 total, 4 available
 Memory: 7831M
 Large Page Support: Disabled
 NUMA Support: Disabled
 Compressed Oops: Enabled (32-bit)
 Heap Region Size: 1M
 Heap Min Capacity: 8M
 Heap Initial Capacity: 124M
 Heap Max Capacity: 1958M
 Pre-touch: Disabled
 Parallel Workers: 4
 Concurrent Workers: 1
 Concurrent Refinement Workers: 4
 Periodic GC: Disabled
Heap:
 garbage-first heap   total 61440K, used 47461K [0x0000000085a00000, 0x0000000100000000)
  region size 1024K, 35 young (35840K), 5 survivors (5120K)
 Metaspace       used 33507K, committed 34048K, reserved 1114112K
  class space    used 4245K, committed 4480K, reserved 1048576K
GC Heap History (12 events):
Event: 0,470 GC heap before
{Heap before GC invocations=0 (full 0):
 garbage-first heap   total 129024K, used 14367K [0x0000000085a00000, 0x0000000100000000)
  region size 1024K, 13 young (13312K), 0 survivors (0K)
 Metaspace       used 2614K, committed 2816K, reserved 1114112K
  class space    used 241K, committed 384K, reserved 1048576K
}
Event: 0,474 GC heap after
{Heap after GC invocations=1 (full 0):
 garbage-first heap   total 129024K, used 7141K [0x0000000085a00000, 0x0000000100000000)
  region size 1024K, 2 young (2048K), 2 survivors (2048K)
 Metaspace       used 2614K, committed 2816K, reserved 1114112K
  class space    used 241K, committed 384K, reserved 1048576K
}
Event: 0,752 GC heap before
{Heap before GC invocations=1 (full 0):
 garbage-first heap   total 129024K, used 18405K [0x0000000085a00000, 0x0000000100000000)
  region size 1024K, 14 young (14336K), 2 survivors (2048K)
 Metaspace       used 5195K, committed 5376K, reserved 1114112K
  class space    used 573K, committed 640K, reserved 1048576K
}
Event: 0,756 GC heap after
{Heap after GC invocations=2 (full 0):
 garbage-first heap   total 129024K, used 7983K [0x0000000085a00000, 0x0000000100000000)
  region size 1024K, 1 young (1024K), 1 survivors (1024K)
 Metaspace       used 5195K, committed 5376K, reserved 1114112K
  class space    used 573K, committed 640K, reserved 1048576K
}
Event: 1,470 GC heap before
{Heap before GC invocations=2 (full 0):
 garbage-first heap   total 129024K, used 45871K [0x0000000085a00000, 0x0000000100000000)
  region size 1024K, 39 young (39936K), 1 survivors (1024K)
 Metaspace       used 13830K, committed 14080K, reserved 1114112K
  class space    used 1805K, committed 1920K, reserved 1048576K
}
Event: 1,476 GC heap after
{Heap after GC invocations=3 (full 0):
 garbage-first heap   total 129024K, used 10438K [0x0000000085a00000, 0x0000000100000000)
  region size 1024K, 4 young (4096K), 4 survivors (4096K)
 Metaspace       used 13830K, committed 14080K, reserved 1114112K
  class space    used 1805K, committed 1920K, reserved 1048576K
}
Event: 1,989 GC heap before
{Heap before GC invocations=3 (full 0):
 garbage-first heap   total 129024K, used 50374K [0x0000000085a00000, 0x0000000100000000)
  region size 1024K, 45 young (46080K), 4 survivors (4096K)
 Metaspace       used 21276K, committed 21504K, reserved 1114112K
  class space    used 2633K, committed 2752K, reserved 1048576K
}
Event: 2,000 GC heap after
{Heap after GC invocations=4 (full 0):
 garbage-first heap   total 129024K, used 14235K [0x0000000085a00000, 0x0000000100000000)
  region size 1024K, 7 young (7168K), 7 survivors (7168K)
 Metaspace       used 21276K, committed 21504K, reserved 1114112K
  class space    used 2633K, committed 2752K, reserved 1048576K
}
Event: 2,552 GC heap before
{Heap before GC invocations=5 (full 0):
 garbage-first heap   total 61440K, used 43931K [0x0000000085a00000, 0x0000000100000000)
  region size 1024K, 36 young (36864K), 7 survivors (7168K)
 Metaspace       used 24345K, committed 24640K, reserved 1114112K
  class space    used 3019K, committed 3136K, reserved 1048576K
}
Event: 2,561 GC heap after
{Heap after GC invocations=6 (full 0):
 garbage-first heap   total 61440K, used 16424K [0x0000000085a00000, 0x0000000100000000)
  region size 1024K, 3 young (3072K), 3 survivors (3072K)
 Metaspace       used 24345K, committed 24640K, reserved 1114112K
  class space    used 3019K, committed 3136K, reserved 1048576K
}
Event: 3,217 GC heap before
{Heap before GC invocations=6 (full 0):
 garbage-first heap   total 61440K, used 47144K [0x0000000085a00000, 0x0000000100000000)
  region size 1024K, 33 young (33792K), 3 survivors (3072K)
 Metaspace       used 29207K, committed 29568K, reserved 1114112K
  class space    used 3674K, committed 3840K, reserved 1048576K
}
Event: 3,222 GC heap after
{Heap after GC invocations=7 (full 0):
 garbage-first heap   total 61440K, used 18789K [0x0000000085a00000, 0x0000000100000000)
  region size 1024K, 5 young (5120K), 5 survivors (5120K)
 Metaspace       used 29207K, committed 29568K, reserved 1114112K
  class space    used 3674K, committed 3840K, reserved 1048576K
}

