# JRE version: Java(TM) SE Runtime Environment (21.0.3+7) (build 21.0.3+7-LTS-152)
# Java VM: Java HotSpot(TM) 64-Bit Server VM (21.0.3+7-LTS-152, mixed mode, sharing, tiered, compressed oops, compressed class ptrs, g1 gc, linux-amd64)
GC Precious Log:
 CardTable entry size: 512
 Card Set container configuration: InlinePtr #cards 5 size 8 Array Of Cards #cards 12 size 40 Howl #buckets 4 coarsen threshold 1843 Howl Bitmap #cards 512 size 80 coarsen threshold 460 Card regions per heap region 1 cards per card region 2048
 CPUs: 4 total, 4 available
 Memory: 7831M
 Large Page Support: Disabled
 NUMA Support: Disabled
 Compressed Oops: Enabled (32-bit)
 Heap Region Size: 1M
 Heap Min Capacity: 8M
 Heap Initial Capacity: 124M
 Heap Max Capacity: 1958M
 Pre-touch: Disabled
 Parallel Workers: 4
 Concurrent Workers: 1
 Concurrent Refinement Workers: 4
 Periodic GC: Disabled
Heap:
 garbage-first heap   total 73728K, used 29457K [0x0000000085a00000, 0x0000000100000000)
  region size 1024K, 12 young (12288K), 6 survivors (6144K)
 Metaspace       used 49469K, committed 50048K, reserved 1114112K
  class space    used 6396K, committed 6656K, reserved 1048576K
GC Heap History (16 events):
Event: 0,704 GC heap before
{Heap before GC invocations=0 (full 0):
 garbage-first heap   total 129024K, used 14367K [0x0000000085a00000, 0x0000000100000000)
  region size 1024K, 13 young (13312K), 0 survivors (0K)
 Metaspace       used 2564K, committed 2752K, reserved 1114112K
  class space    used 233K, committed 320K, reserved 1048576K
}
Event: 0,708 GC heap after
{Heap after GC invocations=1 (full 0):
 garbage-first heap   total 129024K, used 7199K [0x0000000085a00000, 0x0000000100000000)
  region size 1024K, 2 young (2048K), 2 survivors (2048K)
 Metaspace       used 2564K, committed 2752K, reserved 1114112K
  class space    used 233K, committed 320K, reserved 1048576K
}
Event: 1,076 GC heap before
{Heap before GC invocations=1 (full 0):
 garbage-first heap   total 129024K, used 19487K [0x0000000085a00000, 0x0000000100000000)
  region size 1024K, 14 young (14336K), 2 survivors (2048K)
 Metaspace       used 5163K, committed 5312K, reserved 1114112K
  class space    used 572K, committed 640K, reserved 1048576K
}
Event: 1,087 GC heap after
{Heap after GC invocations=2 (full 0):
 garbage-first heap   total 129024K, used 7882K [0x0000000085a00000, 0x0000000100000000)
  region size 1024K, 1 young (1024K), 1 survivors (1024K)
 Metaspace       used 5163K, committed 5312K, reserved 1114112K
  class space    used 572K, committed 640K, reserved 1048576K
}
Event: 1,855 GC heap before
{Heap before GC invocations=2 (full 0):
 garbage-first heap   total 129024K, used 45770K [0x0000000085a00000, 0x0000000100000000)
  region size 1024K, 39 young (39936K), 1 survivors (1024K)
 Metaspace       used 13779K, committed 14080K, reserved 1114112K
  class space    used 1805K, committed 1920K, reserved 1048576K
}
Event: 1,860 GC heap after
{Heap after GC invocations=3 (full 0):
 garbage-first heap   total 129024K, used 10496K [0x0000000085a00000, 0x0000000100000000)
  region size 1024K, 4 young (4096K), 4 survivors (4096K)
 Metaspace       used 13779K, committed 14080K, reserved 1114112K
  class space    used 1805K, committed 1920K, reserved 1048576K
}
Event: 2,365 GC heap before
{Heap before GC invocations=3 (full 0):
 garbage-first heap   total 129024K, used 50432K [0x0000000085a00000, 0x0000000100000000)
  region size 1024K, 45 young (46080K), 4 survivors (4096K)
 Metaspace       used 21288K, committed 21504K, reserved 1114112K
  class space    used 2647K, committed 2752K, reserved 1048576K
}
Event: 2,371 GC heap after
{Heap after GC invocations=4 (full 0):
 garbage-first heap   total 129024K, used 14410K [0x0000000085a00000, 0x0000000100000000)
  region size 1024K, 7 young (7168K), 7 survivors (7168K)
 Metaspace       used 21288K, committed 21504K, reserved 1114112K
  class space    used 2647K, committed 2752K, reserved 1048576K
}
Event: 2,903 GC heap before
{Heap before GC invocations=5 (full 0):
 garbage-first heap   total 61440K, used 43082K [0x0000000085a00000, 0x0000000100000000)
  region size 1024K, 36 young (36864K), 7 survivors (7168K)
 Metaspace       used 24397K, committed 24640K, reserved 1114112K
  class space    used 3034K, committed 3136K, reserved 1048576K
}
Event: 2,915 GC heap after
{Heap after GC invocations=6 (full 0):
 garbage-first heap   total 61440K, used 16128K [0x0000000085a00000, 0x0000000100000000)
  region size 1024K, 3 young (3072K), 3 survivors (3072K)
 Metaspace       used 24397K, committed 24640K, reserved 1114112K
  class space    used 3034K, committed 3136K, reserved 1048576K
}
Event: 3,674 GC heap before
{Heap before GC invocations=6 (full 0):
 garbage-first heap   total 61440K, used 46848K [0x0000000085a00000, 0x0000000100000000)
  region size 1024K, 33 young (33792K), 3 survivors (3072K)
 Metaspace       used 29041K, committed 29440K, reserved 1114112K
  class space    used 3648K, committed 3840K, reserved 1048576K
}
Event: 3,680 GC heap after
{Heap after GC invocations=7 (full 0):
 garbage-first heap   total 61440K, used 18713K [0x0000000085a00000, 0x0000000100000000)
  region size 1024K, 5 young (5120K), 5 survivors (5120K)
 Metaspace       used 29041K, committed 29440K, reserved 1114112K
  class space    used 3648K, committed 3840K, reserved 1048576K
}
Event: 4,159 GC heap before
{Heap before GC invocations=7 (full 0):
 garbage-first heap   total 61440K, used 48409K [0x0000000085a00000, 0x0000000100000000)
  region size 1024K, 35 young (35840K), 5 survivors (5120K)
 Metaspace       used 33468K, committed 33984K, reserved 1114112K
  class space    used 4237K, committed 4416K, reserved 1048576K
}
Event: 4,167 GC heap after
{Heap after GC invocations=8 (full 0):
 garbage-first heap   total 61440K, used 21004K [0x0000000085a00000, 0x0000000100000000)
  region size 1024K, 5 young (5120K), 5 survivors (5120K)
 Metaspace       used 33468K, committed 33984K, reserved 1114112K
  class space    used 4237K, committed 4416K, reserved 1048576K
}
Event: 4,343 GC heap before
{Heap before GC invocations=8 (full 0):
 garbage-first heap   total 61440K, used 30220K [0x0000000085a00000, 0x0000000100000000)
  region size 1024K, 15 young (15360K), 5 survivors (5120K)
 Metaspace       used 35696K, committed 36160K, reserved 1114112K
  class space    used 4529K, committed 4736K, reserved 1048576K
}
Event: 4,353 GC heap after
{Heap after GC invocations=9 (full 0):
 garbage-first heap   total 73728K, used 21624K [0x0000000085a00000, 0x0000000100000000)
  region size 1024K, 3 young (3072K), 3 survivors (3072K)
 Metaspace       used 35696K, committed 36160K, reserved 1114112K
  class space    used 4529K, committed 4736K, reserved 1048576K
}

